# JRE version: Java(TM) SE Runtime Environment (8.0_121-b13) (build 1.8.0_121-b13)
# Java VM: Java HotSpot(TM) 64-Bit Server VM (25.121-b13 mixed mode bsd-amd64 compressed oops)
Heap:
 PSYoungGen      total 67072K, used 41696K [0x000000076ab00000, 0x000000076fe00000, 0x00000007c0000000)
  eden space 51200K, 65% used [0x000000076ab00000,0x000000076cb97260,0x000000076dd00000)
  from space 15872K, 52% used [0x000000076ee80000,0x000000076f6a1030,0x000000076fe00000)
  to   space 16896K, 0% used [0x000000076dd00000,0x000000076dd00000,0x000000076ed80000)
 ParOldGen       total 175104K, used 13842K [0x00000006c0000000, 0x00000006cab00000, 0x000000076ab00000)
  object space 175104K, 7% used [0x00000006c0000000,0x00000006c0d848e8,0x00000006cab00000)
 Metaspace       used 15086K, capacity 15636K, committed 16000K, reserved 1062912K
  class space    used 1972K, capacity 2115K, committed 2176K, reserved 1048576K
GC Heap History (10 events):
Event: 37.958 GC heap before
{Heap before GC invocations=130 (full 0):
 PSYoungGen      total 67584K, used 65763K [0x000000076ab00000, 0x0000000770500000, 0x00000007c0000000)
  eden space 56320K, 97% used [0x000000076ab00000,0x000000076e084c80,0x000000076e200000)
  from space 11264K, 97% used [0x000000076e300000,0x000000076edb4030,0x000000076ee00000)
  to   space 17920K, 0% used [0x000000076f380000,0x000000076f380000,0x0000000770500000)
 ParOldGen       total 175104K, used 13722K [0x00000006c0000000, 0x00000006cab00000, 0x000000076ab00000)
  object space 175104K, 7% used [0x00000006c0000000,0x00000006c0d668e8,0x00000006cab00000)
 Metaspace       used 15069K, capacity 15636K, committed 16000K, reserved 1062912K
  class space    used 1972K, capacity 2115K, committed 2176K, reserved 1048576K
Event: 37.960 GC heap after
Heap after GC invocations=130 (full 0):
 PSYoungGen      total 72192K, used 128K [0x000000076ab00000, 0x0000000770400000, 0x00000007c0000000)
  eden space 55296K, 0% used [0x000000076ab00000,0x000000076ab00000,0x000000076e100000)
  from space 16896K, 0% used [0x000000076f380000,0x000000076f3a0000,0x0000000770400000)
  to   space 17920K, 0% used [0x000000076e100000,0x000000076e100000,0x000000076f280000)
 ParOldGen       total 175104K, used 13738K [0x00000006c0000000, 0x00000006cab00000, 0x000000076ab00000)
  object space 175104K, 7% used [0x00000006c0000000,0x00000006c0d6a8e8,0x00000006cab00000)
 Metaspace       used 15069K, capacity 15636K, committed 16000K, reserved 1062912K
  class space    used 1972K, capacity 2115K, committed 2176K, reserved 1048576K
}
Event: 38.086 GC heap before
{Heap before GC invocations=131 (full 0):
 PSYoungGen      total 72192K, used 54120K [0x000000076ab00000, 0x0000000770400000, 0x00000007c0000000)
  eden space 55296K, 97% used [0x000000076ab00000,0x000000076dfba160,0x000000076e100000)
  from space 16896K, 0% used [0x000000076f380000,0x000000076f3a0000,0x0000000770400000)
  to   space 17920K, 0% used [0x000000076e100000,0x000000076e100000,0x000000076f280000)
 ParOldGen       total 175104K, used 13738K [0x00000006c0000000, 0x00000006cab00000, 0x000000076ab00000)
  object space 175104K, 7% used [0x00000006c0000000,0x00000006c0d6a8e8,0x00000006cab00000)
 Metaspace       used 15071K, capacity 15636K, committed 16000K, reserved 1062912K
  class space    used 1972K, capacity 2115K, committed 2176K, reserved 1048576K
Event: 38.087 GC heap after
Heap after GC invocations=131 (full 0):
 PSYoungGen      total 57344K, used 2892K [0x000000076ab00000, 0x0000000770200000, 0x00000007c0000000)
  eden space 54272K, 0% used [0x000000076ab00000,0x000000076ab00000,0x000000076e000000)
  from space 3072K, 94% used [0x000000076e100000,0x000000076e3d3010,0x000000076e400000)
  to   space 17408K, 0% used [0x000000076f100000,0x000000076f100000,0x0000000770200000)
 ParOldGen       total 175104K, used 13762K [0x00000006c0000000, 0x00000006cab00000, 0x000000076ab00000)
  object space 175104K, 7% used [0x00000006c0000000,0x00000006c0d708e8,0x00000006cab00000)
 Metaspace       used 15071K, capacity 15636K, committed 16000K, reserved 1062912K
  class space    used 1972K, capacity 2115K, committed 2176K, reserved 1048576K
}
Event: 38.232 GC heap before
{Heap before GC invocations=132 (full 0):
 PSYoungGen      total 57344K, used 56949K [0x000000076ab00000, 0x0000000770200000, 0x00000007c0000000)
  eden space 54272K, 99% used [0x000000076ab00000,0x000000076dfca588,0x000000076e000000)
  from space 3072K, 94% used [0x000000076e100000,0x000000076e3d3010,0x000000076e400000)
  to   space 17408K, 0% used [0x000000076f100000,0x000000076f100000,0x0000000770200000)
 ParOldGen       total 175104K, used 13762K [0x00000006c0000000, 0x00000006cab00000, 0x000000076ab00000)
  object space 175104K, 7% used [0x00000006c0000000,0x00000006c0d708e8,0x00000006cab00000)
 Metaspace       used 15075K, capacity 15636K, committed 16000K, reserved 1062912K
  class space    used 1972K, capacity 2115K, committed 2176K, reserved 1048576K
Event: 38.233 GC heap after
Heap after GC invocations=132 (full 0):
 PSYoungGen      total 69632K, used 8324K [0x000000076ab00000, 0x0000000770100000, 0x00000007c0000000)
  eden space 53248K, 0% used [0x000000076ab00000,0x000000076ab00000,0x000000076df00000)
  from space 16384K, 50% used [0x000000076f100000,0x000000076f921030,0x0000000770100000)
  to   space 17408K, 0% used [0x000000076df00000,0x000000076df00000,0x000000076f000000)
 ParOldGen       total 175104K, used 13794K [0x00000006c0000000, 0x00000006cab00000, 0x000000076ab00000)
  object space 175104K, 7% used [0x00000006c0000000,0x00000006c0d788e8,0x00000006cab00000)
 Metaspace       used 15075K, capacity 15636K, committed 16000K, reserved 1062912K
  class space    used 1972K, capacity 2115K, committed 2176K, reserved 1048576K
}
Event: 38.362 GC heap before
{Heap before GC invocations=133 (full 0):
 PSYoungGen      total 69632K, used 59721K [0x000000076ab00000, 0x0000000770100000, 0x00000007c0000000)
  eden space 53248K, 96% used [0x000000076ab00000,0x000000076dd315d8,0x000000076df00000)
  from space 16384K, 50% used [0x000000076f100000,0x000000076f921030,0x0000000770100000)
  to   space 17408K, 0% used [0x000000076df00000,0x000000076df00000,0x000000076f000000)
 ParOldGen       total 175104K, used 13794K [0x00000006c0000000, 0x00000006cab00000, 0x000000076ab00000)
  object space 175104K, 7% used [0x00000006c0000000,0x00000006c0d788e8,0x00000006cab00000)
 Metaspace       used 15086K, capacity 15636K, committed 16000K, reserved 1062912K
  class space    used 1972K, capacity 2115K, committed 2176K, reserved 1048576K
Event: 38.364 GC heap after
Heap after GC invocations=133 (full 0):
 PSYoungGen      total 60928K, used 8324K [0x000000076ab00000, 0x000000076ff00000, 0x00000007c0000000)
  eden space 52224K, 0% used [0x000000076ab00000,0x000000076ab00000,0x000000076de00000)
  from space 8704K, 95% used [0x000000076df00000,0x000000076e721030,0x000000076e780000)
  to   space 16896K, 0% used [0x000000076ee80000,0x000000076ee80000,0x000000076ff00000)
 ParOldGen       total 175104K, used 13810K [0x00000006c0000000, 0x00000006cab00000, 0x000000076ab00000)
  object space 175104K, 7% used [0x00000006c0000000,0x00000006c0d7c8e8,0x00000006cab00000)
 Metaspace       used 15086K, capacity 15636K, committed 16000K, reserved 1062912K
  class space    used 1972K, capacity 2115K, committed 2176K, reserved 1048576K
}
Event: 38.503 GC heap before
{Heap before GC invocations=134 (full 0):
 PSYoungGen      total 60928K, used 59704K [0x000000076ab00000, 0x000000076ff00000, 0x00000007c0000000)
  eden space 52224K, 98% used [0x000000076ab00000,0x000000076dd2d260,0x000000076de00000)
  from space 8704K, 95% used [0x000000076df00000,0x000000076e721030,0x000000076e780000)
  to   space 16896K, 0% used [0x000000076ee80000,0x000000076ee80000,0x000000076ff00000)
 ParOldGen       total 175104K, used 13810K [0x00000006c0000000, 0x00000006cab00000, 0x000000076ab00000)
  object space 175104K, 7% used [0x00000006c0000000,0x00000006c0d7c8e8,0x00000006cab00000)
 Metaspace       used 15086K, capacity 15636K, committed 16000K, reserved 1062912K
  class space    used 1972K, capacity 2115K, committed 2176K, reserved 1048576K
Event: 38.504 GC heap after
Heap after GC invocations=134 (full 0):
 PSYoungGen      total 67072K, used 8324K [0x000000076ab00000, 0x000000076fe00000, 0x00000007c0000000)
  eden space 51200K, 0% used [0x000000076ab00000,0x000000076ab00000,0x000000076dd00000)
  from space 15872K, 52% used [0x000000076ee80000,0x000000076f6a1030,0x000000076fe00000)
  to   space 16896K, 0% used [0x000000076dd00000,0x000000076dd00000,0x000000076ed80000)
 ParOldGen       total 175104K, used 13842K [0x00000006c0000000, 0x00000006cab00000, 0x000000076ab00000)
  object space 175104K, 7% used [0x00000006c0000000,0x00000006c0d848e8,0x00000006cab00000)
 Metaspace       used 15086K, capacity 15636K, committed 16000K, reserved 1062912K
  class space    used 1972K, capacity 2115K, committed 2176K, reserved 1048576K
}

